#
# There is insufficient memory for the Java Runtime Environment to continue.
# Native memory allocation (mmap) failed to map 65011712 bytes for committing reserved memory.
# Possible reasons:
#   The system is out of physical RAM or swap space
#   In 32 bit mode, the process size limit was hit
# Possible solutions:
#   Reduce memory load on the system
#   Increase physical memory or swap space
#   Check if swap backing store is full
#   Use 64 bit Java on a 64 bit OS
#   Decrease Java heap size (-Xmx/-Xms)
#   Decrease number of Java threads
#   Decrease Java thread stack sizes (-Xss)
#   Set larger code cache with -XX:ReservedCodeCacheSize=
# This output file may be truncated or incomplete.
#
#  Out of Memory Error (os_linux.cpp:2627), pid=20993, tid=0x00007f92a8afa700
#
# JRE version: Java(TM) SE Runtime Environment (8.0_121-b13) (build 1.8.0_121-b13)
# Java VM: Java HotSpot(TM) 64-Bit Server VM (25.121-b13 mixed mode linux-amd64 compressed oops)
# Failed to write core dump. Core dumps have been disabled. To enable core dumping, try "ulimit -c unlimited" before starting Java again
#

---------------  T H R E A D  ---------------

Current thread (0x00007f92b807c800):  VMThread [stack: 0x00007f92a89fa000,0x00007f92a8afb000] [id=21004]

Stack: [0x00007f92a89fa000,0x00007f92a8afb000],  sp=0x00007f92a8af90a0,  free space=1020k
Native frames: (J=compiled Java code, j=interpreted, Vv=VM code, C=native code)
V  [libjvm.so+0xac703a]  VMError::report_and_die()+0x2ba
V  [libjvm.so+0x4fc7eb]  report_vm_out_of_memory(char const*, int, unsigned long, VMErrorType, char const*)+0x8b
V  [libjvm.so+0x923c43]  os::Linux::commit_memory_impl(char*, unsigned long, bool)+0x103
V  [libjvm.so+0x924199]  os::pd_commit_memory(char*, unsigned long, unsigned long, bool)+0x29
V  [libjvm.so+0x91e4aa]  os::commit_memory(char*, unsigned long, unsigned long, bool)+0x2a
V  [libjvm.so+0x992f03]  PSVirtualSpace::expand_by(unsigned long)+0x53
V  [libjvm.so+0x994308]  PSYoungGen::resize_generation(unsigned long, unsigned long)+0xf8
V  [libjvm.so+0x993462]  PSYoungGen::resize(unsigned long, unsigned long)+0x22
V  [libjvm.so+0x99073b]  PSScavenge::invoke_no_policy()+0xf3b
V  [libjvm.so+0x990ec1]  PSScavenge::invoke()+0x41
V  [libjvm.so+0x947c10]  ParallelScavengeHeap::failed_mem_allocate(unsigned long)+0x70
V  [libjvm.so+0xac8a57]  VM_ParallelGCFailedAllocation::doit()+0x97
V  [libjvm.so+0xad0535]  VM_Operation::evaluate()+0x55
V  [libjvm.so+0xace90a]  VMThread::evaluate_operation(VM_Operation*)+0xba
V  [libjvm.so+0xacec8e]  VMThread::loop()+0x1ce
V  [libjvm.so+0xacf100]  VMThread::run()+0x70
V  [libjvm.so+0x926268]  java_start(Thread*)+0x108

VM_Operation (0x00007f92c1287980): ParallelGCFailedAllocation, mode: safepoint, requested by thread 0x00007f92b800e800


---------------  P R O C E S S  ---------------

Java Threads: ( => current thread )
  0x00007f92b852f800 JavaThread "Jack reporter" [_thread_blocked, id=21014, stack(0x00007f92a13ce000,0x00007f92a14cf000)]
  0x00007f92b80c5000 JavaThread "Service Thread" daemon [_thread_blocked, id=21011, stack(0x00007f92a1eff000,0x00007f92a2000000)]
  0x00007f92b80c2000 JavaThread "C1 CompilerThread2" daemon [_thread_blocked, id=21010, stack(0x00007f92a8086000,0x00007f92a8187000)]
  0x00007f92b80c0000 JavaThread "C2 CompilerThread1" daemon [_thread_blocked, id=21009, stack(0x00007f92a8187000,0x00007f92a8288000)]
  0x00007f92b80bd000 JavaThread "C2 CompilerThread0" daemon [_thread_blocked, id=21008, stack(0x00007f92a8288000,0x00007f92a8389000)]
  0x00007f92b80bc000 JavaThread "Signal Dispatcher" daemon [_thread_blocked, id=21007, stack(0x00007f92a8389000,0x00007f92a848a000)]
  0x00007f92b8089000 JavaThread "Finalizer" daemon [_thread_blocked, id=21006, stack(0x00007f92a87f8000,0x00007f92a88f9000)]
  0x00007f92b8084800 JavaThread "Reference Handler" daemon [_thread_blocked, id=21005, stack(0x00007f92a88f9000,0x00007f92a89fa000)]
  0x00007f92b800e800 JavaThread "main" [_thread_blocked, id=20999, stack(0x00007f92c118a000,0x00007f92c128b000)]

Other Threads:
=>0x00007f92b807c800 VMThread [stack: 0x00007f92a89fa000,0x00007f92a8afb000] [id=21004]
  0x00007f92b80c8000 WatcherThread [stack: 0x00007f92a1dfe000,0x00007f92a1eff000] [id=21012]

VM state:at safepoint (normal execution)

VM Mutex/Monitor currently owned by a thread:  ([mutex/lock_event])
[0x00007f92b800b070] Threads_lock - owner thread: 0x00007f92b807c800
[0x00007f92b800b570] Heap_lock - owner thread: 0x00007f92b800e800

Heap:
 PSYoungGen      total 68608K, used 5092K [0x00000000eab00000, 0x00000000ef300000, 0x0000000100000000)
  eden space 63488K, 0% used [0x00000000eab00000,0x00000000eab00000,0x00000000ee900000)
  from space 5120K, 99% used [0x00000000ee900000,0x00000000eedf9170,0x00000000eee00000)
  to   space 5120K, 0% used [0x00000000eee00000,0x00000000eee00000,0x00000000ef300000)
 ParOldGen       total 84992K, used 27491K [0x00000000c0000000, 0x00000000c5300000, 0x00000000eab00000)
  object space 84992K, 32% used [0x00000000c0000000,0x00000000c1ad8d40,0x00000000c5300000)
 Metaspace       used 17743K, capacity 17868K, committed 18048K, reserved 1064960K
  class space    used 2125K, capacity 2175K, committed 2176K, reserved 1048576K

Card table byte_map: [0x00007f92bdd31000,0x00007f92bdf32000] byte_map_base: 0x00007f92bd731000

Marking Bits: (ParMarkBitMap*) 0x00007f92c065cc80
 Begin Bits: [0x00007f92a2000000, 0x00007f92a3000000)
 End Bits:   [0x00007f92a3000000, 0x00007f92a4000000)

Polling page: 0x00007f92c12ac000

CodeCache: size=245760Kb used=5448Kb max_used=5457Kb free=240311Kb
 bounds [0x00007f92a9000000, 0x00007f92a9560000, 0x00007f92b8000000]
 total_blobs=1834 nmethods=1483 adapters=265
 compilation: enabled

Compilation events (10 events):
Event: 342.303 Thread 0x00007f92b80bd000 nmethod 1538 0x00007f92a9556790 code [0x00007f92a95568e0, 0x00007f92a9556bb8]
Event: 342.641 Thread 0x00007f92b80bd000 1558       4       com.android.jack.eclipse.jdt.core.compiler.CharOperation::hashCode (92 bytes)
Event: 345.636 Thread 0x00007f92b80c0000 nmethod 1514 0x00007f92a9556d10 code [0x00007f92a9556f20, 0x00007f92a95581a8]
Event: 345.915 Thread 0x00007f92b80c0000 1516       4       com.android.jack.Jack::getUnmodifiableCollections (50 bytes)
Event: 354.345 Thread 0x00007f92b80c0000 nmethod 1516 0x00007f92a9545090 code [0x00007f92a95451e0, 0x00007f92a9545258]
Event: 354.719 Thread 0x00007f92b80c0000 1570       4       com.android.jack.ecj.loader.jast.AnnotationUtils::getAnnotation (57 bytes)
Event: 356.406 Thread 0x00007f92b80c2000 nmethod 1559 0x00007f92a9544090 code [0x00007f92a95442a0, 0x00007f92a9544c78]
Event: 356.758 Thread 0x00007f92b80c2000 1568       3       com.android.jack.eclipse.jdt.internal.compiler.util.HashtableOfType::get (68 bytes)
Event: 365.594 Thread 0x00007f92b80c2000 nmethod 1568 0x00007f92a9543810 code [0x00007f92a95439c0, 0x00007f92a9543db8]
Event: 365.879 Thread 0x00007f92b80c2000 1563       3       com.android.jack.ecj.loader.jast.JAstBinaryMethod::getArgumentNames (95 bytes)

GC Heap History (5 events):
Event: 0.982 GC heap before
{Heap before GC invocations=1 (full 0):
 PSYoungGen      total 36864K, used 31744K [0x00000000eab00000, 0x00000000ed400000, 0x0000000100000000)
  eden space 31744K, 100% used [0x00000000eab00000,0x00000000eca00000,0x00000000eca00000)
  from space 5120K, 0% used [0x00000000ecf00000,0x00000000ecf00000,0x00000000ed400000)
  to   space 5120K, 0% used [0x00000000eca00000,0x00000000eca00000,0x00000000ecf00000)
 ParOldGen       total 84992K, used 0K [0x00000000c0000000, 0x00000000c5300000, 0x00000000eab00000)
  object space 84992K, 0% used [0x00000000c0000000,0x00000000c0000000,0x00000000c5300000)
 Metaspace       used 10236K, capacity 10362K, committed 10624K, reserved 1058816K
  class space    used 1308K, capacity 1340K, committed 1408K, reserved 1048576K
Event: 1.004 GC heap after
Heap after GC invocations=1 (full 0):
 PSYoungGen      total 36864K, used 5088K [0x00000000eab00000, 0x00000000ef300000, 0x0000000100000000)
  eden space 31744K, 0% used [0x00000000eab00000,0x00000000eab00000,0x00000000eca00000)
  from space 5120K, 99% used [0x00000000eca00000,0x00000000ecef8020,0x00000000ecf00000)
  to   space 5120K, 0% used [0x00000000eee00000,0x00000000eee00000,0x00000000ef300000)
 ParOldGen       total 84992K, used 3877K [0x00000000c0000000, 0x00000000c5300000, 0x00000000eab00000)
  object space 84992K, 4% used [0x00000000c0000000,0x00000000c03c94d0,0x00000000c5300000)
 Metaspace       used 10236K, capacity 10362K, committed 10624K, reserved 1058816K
  class space    used 1308K, capacity 1340K, committed 1408K, reserved 1048576K
}
Event: 1.337 GC heap before
{Heap before GC invocations=2 (full 0):
 PSYoungGen      total 36864K, used 36832K [0x00000000eab00000, 0x00000000ef300000, 0x0000000100000000)
  eden space 31744K, 100% used [0x00000000eab00000,0x00000000eca00000,0x00000000eca00000)
  from space 5120K, 99% used [0x00000000eca00000,0x00000000ecef8020,0x00000000ecf00000)
  to   space 5120K, 0% used [0x00000000eee00000,0x00000000eee00000,0x00000000ef300000)
 ParOldGen       total 84992K, used 3877K [0x00000000c0000000, 0x00000000c5300000, 0x00000000eab00000)
  object space 84992K, 4% used [0x00000000c0000000,0x00000000c03c94d0,0x00000000c5300000)
 Metaspace       used 11306K, capacity 11456K, committed 11520K, reserved 1058816K
  class space    used 1500K, capacity 1533K, committed 1536K, reserved 1048576K
Event: 1.365 GC heap after
Heap after GC invocations=2 (full 0):
 PSYoungGen      total 68608K, used 5094K [0x00000000eab00000, 0x00000000ef300000, 0x0000000100000000)
  eden space 63488K, 0% used [0x00000000eab00000,0x00000000eab00000,0x00000000ee900000)
  from space 5120K, 99% used [0x00000000eee00000,0x00000000ef2f9ba8,0x00000000ef300000)
  to   space 5120K, 0% used [0x00000000ee900000,0x00000000ee900000,0x00000000eee00000)
 ParOldGen       total 84992K, used 12038K [0x00000000c0000000, 0x00000000c5300000, 0x00000000eab00000)
  object space 84992K, 14% used [0x00000000c0000000,0x00000000c0bc1a10,0x00000000c5300000)
 Metaspace       used 11306K, capacity 11456K, committed 11520K, reserved 1058816K
  class space    used 1500K, capacity 1533K, committed 1536K, reserved 1048576K
}
Event: 380.470 GC heap before
{Heap before GC invocations=3 (full 0):
 PSYoungGen      total 68608K, used 68582K [0x00000000eab00000, 0x00000000ef300000, 0x0000000100000000)
  eden space 63488K, 100% used [0x00000000eab00000,0x00000000ee900000,0x00000000ee900000)
  from space 5120K, 99% used [0x00000000eee00000,0x00000000ef2f9ba8,0x00000000ef300000)
  to   space 5120K, 0% used [0x00000000ee900000,0x00000000ee900000,0x00000000eee00000)
 ParOldGen       total 84992K, used 12038K [0x00000000c0000000, 0x00000000c5300000, 0x00000000eab00000)
  object space 84992K, 14% used [0x00000000c0000000,0x00000000c0bc1a10,0x00000000c5300000)
 Metaspace       used 17743K, capacity 17868K, committed 18048K, reserved 1064960K
  class space    used 2125K, capacity 2175K, committed 2176K, reserved 1048576K

Deoptimization events (10 events):
Event: 1.452 Thread 0x00007f92b800e800 Uncommon trap: reason=unstable_if action=reinterpret pc=0x00007f92a92ed1c0 method=com.android.jack.google.common.base.Splitter$SplittingIterator.computeNext()Ljava/lang/String; @ 105
Event: 1.452 Thread 0x00007f92b800e800 Uncommon trap: reason=unstable_if action=reinterpret pc=0x00007f92a92e7580 method=com.android.jack.google.common.base.Splitter$SplittingIterator.computeNext()Ljava/lang/String; @ 105
Event: 1.524 Thread 0x00007f92b800e800 Uncommon trap: reason=class_check action=maybe_recompile pc=0x00007f92a92f4858 method=java.util.Properties$LineReader.readLine()I @ 62
Event: 1.524 Thread 0x00007f92b800e800 Uncommon trap: reason=unstable_if action=reinterpret pc=0x00007f92a92f44bc method=java.util.Properties$LineReader.readLine()I @ 206
Event: 1.527 Thread 0x00007f92b800e800 Uncommon trap: reason=unstable_if action=reinterpret pc=0x00007f92a92f3654 method=java.util.Properties.loadConvert([CII[C)Ljava/lang/String; @ 4
Event: 1.797 Thread 0x00007f92b800e800 Uncommon trap: reason=unstable_if action=reinterpret pc=0x00007f92a931f9f8 method=sun.net.www.ParseUtil.encodePath(Ljava/lang/String;Z)Ljava/lang/String; @ 109
Event: 1.871 Thread 0x00007f92b800e800 Uncommon trap: reason=class_check action=maybe_recompile pc=0x00007f92a935fbd4 method=java.util.Properties$LineReader.readLine()I @ 410
Event: 1.905 Thread 0x00007f92b86e7000 Uncommon trap: reason=unstable_if action=reinterpret pc=0x00007f92a9270d50 method=sun.nio.cs.UTF_8$Decoder.decodeArrayLoop(Ljava/nio/ByteBuffer;Ljava/nio/CharBuffer;)Ljava/nio/charset/CoderResult; @ 84
Event: 8.299 Thread 0x00007f92b800e800 Uncommon trap: reason=unstable_if action=reinterpret pc=0x00007f92a94fbe58 method=java.util.ArrayList.<init>(Ljava/util/Collection;)V @ 24
Event: 9.676 Thread 0x00007f92b800e800 Uncommon trap: reason=unstable_if action=reinterpret pc=0x00007f92a950908c method=com.android.jack.jayce.v0004.io.Tokenizer.readOpenCatchBlockIdRemove()Z @ 7

Internal exceptions (10 events):
Event: 2.459 Thread 0x00007f92b800e800 Exception <a 'java/lang/ArrayIndexOutOfBoundsException'> (0x00000000ecf653d0) thrown at [/HUDSON3/workspace/8-2-build-linux-amd64/jdk8u121/8372/hotspot/src/share/vm/runtime/sharedRuntime.cpp, line 605]
Event: 2.460 Thread 0x00007f92b800e800 Exception <a 'java/lang/ArrayIndexOutOfBoundsException'> (0x00000000ecf69050) thrown at [/HUDSON3/workspace/8-2-build-linux-amd64/jdk8u121/8372/hotspot/src/share/vm/runtime/sharedRuntime.cpp, line 605]
Event: 2.461 Thread 0x00007f92b800e800 Exception <a 'java/lang/ArrayIndexOutOfBoundsException'> (0x00000000ecf6b870) thrown at [/HUDSON3/workspace/8-2-build-linux-amd64/jdk8u121/8372/hotspot/src/share/vm/runtime/sharedRuntime.cpp, line 605]
Event: 2.462 Thread 0x00007f92b800e800 Exception <a 'java/lang/ArrayIndexOutOfBoundsException'> (0x00000000ecf6e118) thrown at [/HUDSON3/workspace/8-2-build-linux-amd64/jdk8u121/8372/hotspot/src/share/vm/runtime/sharedRuntime.cpp, line 605]
Event: 2.462 Thread 0x00007f92b800e800 Exception <a 'java/lang/ArrayIndexOutOfBoundsException'> (0x00000000ecf6f698) thrown at [/HUDSON3/workspace/8-2-build-linux-amd64/jdk8u121/8372/hotspot/src/share/vm/runtime/sharedRuntime.cpp, line 605]
Event: 2.463 Thread 0x00007f92b800e800 Exception <a 'java/lang/ArrayIndexOutOfBoundsException'> (0x00000000ecf79b28) thrown at [/HUDSON3/workspace/8-2-build-linux-amd64/jdk8u121/8372/hotspot/src/share/vm/runtime/sharedRuntime.cpp, line 605]
Event: 2.463 Thread 0x00007f92b800e800 Exception <a 'java/lang/ArrayIndexOutOfBoundsException'> (0x00000000ecf7be58) thrown at [/HUDSON3/workspace/8-2-build-linux-amd64/jdk8u121/8372/hotspot/src/share/vm/runtime/sharedRuntime.cpp, line 605]
Event: 2.464 Thread 0x00007f92b800e800 Exception <a 'java/lang/ArrayIndexOutOfBoundsException'> (0x00000000ecf7dbf8) thrown at [/HUDSON3/workspace/8-2-build-linux-amd64/jdk8u121/8372/hotspot/src/share/vm/runtime/sharedRuntime.cpp, line 605]
Event: 2.466 Thread 0x00007f92b800e800 Exception <a 'java/lang/ArrayIndexOutOfBoundsException'> (0x00000000ecf805c0) thrown at [/HUDSON3/workspace/8-2-build-linux-amd64/jdk8u121/8372/hotspot/src/share/vm/runtime/sharedRuntime.cpp, line 605]
Event: 2.467 Thread 0x00007f92b800e800 Exception <a 'java/lang/ArrayIndexOutOfBoundsException'> (0x00000000ecf86ae0) thrown at [/HUDSON3/workspace/8-2-build-linux-amd64/jdk8u121/8372/hotspot/src/share/vm/runtime/sharedRuntime.cpp, line 605]

Events (10 events):
Event: 16.305 loading class com/android/jack/ecj/loader/jast/JAstBinaryElementValuePair done
Event: 16.800 loading class com/android/jack/eclipse/jdt/internal/compiler/env/ClassSignature
Event: 16.816 loading class com/android/jack/eclipse/jdt/internal/compiler/env/ClassSignature done
Event: 17.874 loading class com/android/jack/eclipse/jdt/internal/compiler/lookup/ElementValuePair$UnresolvedEnumConstant
Event: 17.966 loading class com/android/jack/eclipse/jdt/internal/compiler/lookup/ElementValuePair$UnresolvedEnumConstant done
Event: 276.940 loading class com/android/jack/eclipse/jdt/internal/compiler/impl/StringConstant
Event: 277.761 loading class com/android/jack/eclipse/jdt/internal/compiler/impl/StringConstant done
Event: 332.176 loading class com/android/jack/eclipse/jdt/internal/compiler/impl/BooleanConstant
Event: 332.180 loading class com/android/jack/eclipse/jdt/internal/compiler/impl/BooleanConstant done
Event: 380.214 Executing VM operation: ParallelGCFailedAllocation


Dynamic libraries:
00400000-00401000 r-xp 00000000 08:05 4463069                            /usr/lib/jvm/java-8-oracle/bin/java
00600000-00601000 rw-p 00000000 08:05 4463069                            /usr/lib/jvm/java-8-oracle/bin/java
00f19000-00f3a000 rw-p 00000000 00:00 0                                  [heap]
c0000000-c5300000 rw-p 00000000 00:00 0 
c5300000-eab00000 ---p 00000000 00:00 0 
eab00000-ef300000 rw-p 00000000 00:00 0 
f3100000-100000000 ---p 00000000 00:00 0 
100000000-100220000 rw-p 00000000 00:00 0 
100220000-140000000 ---p 00000000 00:00 0 
7f9254000000-7f9254021000 rw-p 00000000 00:00 0 
7f9254021000-7f9258000000 ---p 00000000 00:00 0 
7f925c000000-7f925c021000 rw-p 00000000 00:00 0 
7f925c021000-7f9260000000 ---p 00000000 00:00 0 
7f9260000000-7f9260021000 rw-p 00000000 00:00 0 
7f9260021000-7f9264000000 ---p 00000000 00:00 0 
7f9264000000-7f9264021000 rw-p 00000000 00:00 0 
7f9264021000-7f9268000000 ---p 00000000 00:00 0 
7f9268000000-7f9268021000 rw-p 00000000 00:00 0 
7f9268021000-7f926c000000 ---p 00000000 00:00 0 
7f926c000000-7f926c021000 rw-p 00000000 00:00 0 
7f926c021000-7f9270000000 ---p 00000000 00:00 0 
7f9270000000-7f9270021000 rw-p 00000000 00:00 0 
7f9270021000-7f9274000000 ---p 00000000 00:00 0 
7f9274000000-7f9274c83000 rw-p 00000000 00:00 0 
7f9274c83000-7f9278000000 ---p 00000000 00:00 0 
7f9278000000-7f9278021000 rw-p 00000000 00:00 0 
7f9278021000-7f927c000000 ---p 00000000 00:00 0 
7f927c000000-7f927c6fa000 rw-p 00000000 00:00 0 
7f927c6fa000-7f9280000000 ---p 00000000 00:00 0 
7f9280000000-7f9280dca000 rw-p 00000000 00:00 0 
7f9280dca000-7f9284000000 ---p 00000000 00:00 0 
7f9284000000-7f9284021000 rw-p 00000000 00:00 0 
7f9284021000-7f9288000000 ---p 00000000 00:00 0 
7f9288000000-7f9288021000 rw-p 00000000 00:00 0 
7f9288021000-7f928c000000 ---p 00000000 00:00 0 
7f928c000000-7f928c28f000 rw-p 00000000 00:00 0 
7f928c28f000-7f9290000000 ---p 00000000 00:00 0 
7f9290000000-7f9290021000 rw-p 00000000 00:00 0 
7f9290021000-7f9294000000 ---p 00000000 00:00 0 
7f9294000000-7f9294021000 rw-p 00000000 00:00 0 
7f9294021000-7f9298000000 ---p 00000000 00:00 0 
7f9298000000-7f9298021000 rw-p 00000000 00:00 0 
7f9298021000-7f929c000000 ---p 00000000 00:00 0 
7f929c000000-7f929c021000 rw-p 00000000 00:00 0 
7f929c021000-7f92a0000000 ---p 00000000 00:00 0 
7f92a08c9000-7f92a0a49000 rw-p 00000000 00:00 0 
7f92a0a49000-7f92a0acc000 ---p 00000000 00:00 0 
7f92a0acc000-7f92a0bca000 rw-p 00000000 00:00 0 
7f92a0bca000-7f92a0bcd000 ---p 00000000 00:00 0 
7f92a0bcd000-7f92a0ccb000 rw-p 00000000 00:00 0 
7f92a0ccb000-7f92a0cce000 ---p 00000000 00:00 0 
7f92a0cce000-7f92a0dcc000 rw-p 00000000 00:00 0 
7f92a0dcc000-7f92a0dcf000 ---p 00000000 00:00 0 
7f92a0dcf000-7f92a0ecd000 rw-p 00000000 00:00 0 
7f92a0ecd000-7f92a0ed0000 ---p 00000000 00:00 0 
7f92a0ed0000-7f92a11ce000 rw-p 00000000 00:00 0 
7f92a11ce000-7f92a13ce000 rw-p 00000000 00:00 0 
7f92a13ce000-7f92a13d1000 ---p 00000000 00:00 0 
7f92a13d1000-7f92a14cf000 rw-p 00000000 00:00 0 
7f92a14cf000-7f92a1526000 r--s 00540000 b3:01 392260                     /media/freeman/DATACARD/IdeaProjects/PlurkFish/PlurkChatNew/build/intermediates/transforms/preJackRuntimeLibraries/debug/jars/8000/40/android-5424e5bd760a977aa071e112d3fe556193bab681.jar
7f92a1526000-7f92a1531000 r--s 0006e000 b3:01 392263                     /media/freeman/DATACARD/IdeaProjects/PlurkFish/PlurkChatNew/build/intermediates/transforms/preJackRuntimeLibraries/debug/jars/8000/40/org.apache.http.legacy-07b0efda73599e7067441cc44f76b28e2dbff044.jar
7f92a1531000-7f92a1560000 r--s 002d5000 b3:01 391622                     /media/freeman/DATACARD/IdeaProjects/PlurkFish/PlurkChatNew/build/intermediates/transforms/preJackPackagedLibraries/debug/jars/8000/1f/rxjava-1.1.6-775ccbc25012b990e9156c01b0494e4d10383560.jar
7f92a1560000-7f92a156a000 r--s 000a8000 b3:01 391589                     /media/freeman/DATACARD/IdeaProjects/PlurkFish/PlurkChatNew/build/intermediates/transforms/preJackPackagedLibraries/debug/jars/8000/1f/gson-2.7-2c39bc7b12e81c6fc5fd321c016ba16e2e6c309c.jar
7f92a156a000-7f92a156b000 r--s 00006000 b3:01 391598                     /media/freeman/DATACARD/IdeaProjects/PlurkFish/PlurkChatNew/build/intermediates/transforms/preJackPackagedLibraries/debug/jars/8000/1f/classes-6b785d369ea4463f68bd712052bc3f00258511b6.jar
7f92a156b000-7f92a156d000 r--s 0000e000 b3:01 391613                     /media/freeman/DATACARD/IdeaProjects/PlurkFish/PlurkChatNew/build/intermediates/transforms/preJackPackagedLibraries/debug/jars/8000/1f/classes-1540014888fe8a1d94865a03b7bc3278f5e36681.jar
7f92a156d000-7f92a156e000 r--s 00009000 b3:01 391573                     /media/freeman/DATACARD/IdeaProjects/PlurkFish/PlurkChatNew/build/intermediates/transforms/preJackPackagedLibraries/debug/jars/8000/1f/classes-9f3e88df3ca6ae9303cb724f1fc9b539f326b760.jar
7f92a156e000-7f92a156f000 r--s 0001d000 b3:01 391582                     /media/freeman/DATACARD/IdeaProjects/PlurkFish/PlurkChatNew/build/intermediates/transforms/preJackPackagedLibraries/debug/jars/8000/1f/classes-808f10a1cc3484440d8ac14de6f64b3633fc67d4.jar
7f92a156f000-7f92a1570000 r--s 00009000 b3:01 391570                     /media/freeman/DATACARD/IdeaProjects/PlurkFish/PlurkChatNew/build/intermediates/transforms/preJackPackagedLibraries/debug/jars/8000/1f/classes-a385618074f7f70be3663b1f7be56e4a22033c8b.jar
7f92a1570000-7f92a1571000 r--s 00001000 b3:01 392243                     /media/freeman/DATACARD/IdeaProjects/PlurkFish/PlurkChatNew/build/intermediates/transforms/preJackPackagedLibraries/debug/jars/8000/1f/classes-e034d7b983a5ce5806c09424fdb119dc4d9e66ad.jar
7f92a1571000-7f92a1574000 r--s 00041000 b3:01 391597                     /media/freeman/DATACARD/IdeaProjects/PlurkFish/PlurkChatNew/build/intermediates/transforms/preJackPackagedLibraries/debug/jars/8000/1f/okio-1.8.0-77a5caf94e4e039bc3bce13f4a1bec2312464f65.jar
7f92a1574000-7f92a1576000 r--s 00023000 b3:01 391601                     /media/freeman/DATACARD/IdeaProjects/PlurkFish/PlurkChatNew/build/intermediates/transforms/preJackPackagedLibraries/debug/jars/8000/1f/classes-e6bc366e7510e7b5ecc51ef2dcd26deb203bc753.jar
7f92a1576000-7f92a157f000 r--s 000d6000 b3:01 391617                     /media/freeman/DATACARD/IdeaProjects/PlurkFish/PlurkChatNew/build/intermediates/transforms/preJackPackagedLibraries/debug/jars/8000/1f/classes-def4b12188dbbcf5418dfc44a830c567f31a27ab.jar
7f92a157f000-7f92a1582000 r--s 00022000 b3:01 391578                     /media/freeman/DATACARD/IdeaProjects/PlurkFish/PlurkChatNew/build/intermediates/transforms/preJackPackagedLibraries/debug/jars/8000/1f/classes-82be39c2ef9333931bc078c50d26591bbc656503.jar
7f92a1582000-7f92a1585000 r--s 00025000 b3:01 391609                     /media/freeman/DATACARD/IdeaProjects/PlurkFish/PlurkChatNew/build/intermediates/transforms/preJackPackagedLibraries/debug/jars/8000/1f/eventbus-3.0.0-9d7653a5506f7192c553dbcd332b3c00b5ceec5b.jar
7f92a1585000-7f92a1593000 r--s 000ca000 b3:01 391590                     /media/freeman/DATACARD/IdeaProjects/PlurkFish/PlurkChatNew/build/intermediates/transforms/preJackPackagedLibraries/debug/jars/8000/1f/classes-537d8b7d7aefab877389361b41657ed6ff55d3f1.jar
7f92a1593000-7f92a1598000 r--s 0008f000 b3:01 391621                     /media/freeman/DATACARD/IdeaProjects/PlurkFish/PlurkChatNew/build/intermediates/transforms/preJackPackagedLibraries/debug/jars/8000/1f/classes-c36be30673c8d254a97b0de3e3bcebf131318369.jar
7f92a1598000-7f92a15a1000 r-xp 00000000 08:05 4995384                    /usr/lib/jvm/java-8-oracle/jre/lib/amd64/libmanagement.so
7f92a15a1000-7f92a17a0000 ---p 00009000 08:05 4995384                    /usr/lib/jvm/java-8-oracle/jre/lib/amd64/libmanagement.so
7f92a17a0000-7f92a17a1000 rw-p 00008000 08:05 4995384                    /usr/lib/jvm/java-8-oracle/jre/lib/amd64/libmanagement.so
7f92a17a1000-7f92a19a1000 rw-p 00000000 00:00 0 
7f92a19a1000-7f92a19b7000 r-xp 00000000 08:05 1577539                    /lib/x86_64-linux-gnu/libgcc_s.so.1
7f92a19b7000-7f92a1bb6000 ---p 00016000 08:05 1577539                    /lib/x86_64-linux-gnu/libgcc_s.so.1
7f92a1bb6000-7f92a1bb7000 rw-p 00015000 08:05 1577539                    /lib/x86_64-linux-gnu/libgcc_s.so.1
7f92a1bb7000-7f92a1be9000 r-xp 00000000 08:05 4995356                    /usr/lib/jvm/java-8-oracle/jre/lib/amd64/libsunec.so
7f92a1be9000-7f92a1de8000 ---p 00032000 08:05 4995356                    /usr/lib/jvm/java-8-oracle/jre/lib/amd64/libsunec.so
7f92a1de8000-7f92a1dee000 rw-p 00031000 08:05 4995356                    /usr/lib/jvm/java-8-oracle/jre/lib/amd64/libsunec.so
7f92a1dee000-7f92a1dfe000 rw-p 00000000 00:00 0 
7f92a1dfe000-7f92a1dff000 ---p 00000000 00:00 0 
7f92a1dff000-7f92a1eff000 rw-p 00000000 00:00 0 
7f92a1eff000-7f92a1f02000 ---p 00000000 00:00 0 
7f92a1f02000-7f92a4000000 rw-p 00000000 00:00 0 
7f92a4000000-7f92a4021000 rw-p 00000000 00:00 0 
7f92a4021000-7f92a8000000 ---p 00000000 00:00 0 
7f92a8000000-7f92a8002000 r--s 0000b000 b3:01 391618                     /media/freeman/DATACARD/IdeaProjects/PlurkFish/PlurkChatNew/build/intermediates/transforms/preJackPackagedLibraries/debug/jars/8000/1f/adapter-rxjava-2.1.0-fa1ff7ddc89b335ea4ba9046e42f013bca05df37.jar
7f92a8002000-7f92a8003000 r--s 0000a000 b3:01 391593                     /media/freeman/DATACARD/IdeaProjects/PlurkFish/PlurkChatNew/build/intermediates/transforms/preJackPackagedLibraries/debug/jars/8000/1f/classes-3dfbc3491b22e425f7f0de4df4217245734903bc.jar
7f92a8003000-7f92a8008000 r--s 0003d000 b3:01 391614                     /media/freeman/DATACARD/IdeaProjects/PlurkFish/PlurkChatNew/build/intermediates/transforms/preJackPackagedLibraries/debug/jars/8000/1f/retrofit-2.1.0-26948c297983482a6c4371c2e8c24839dfb0af2d.jar
7f92a8008000-7f92a8011000 r--s 0010d000 b3:01 392244                     /media/freeman/DATACARD/IdeaProjects/PlurkFish/PlurkChatNew/build/intermediates/transforms/preJackPackagedLibraries/debug/jars/8000/1f/okhttp-3.3.0-8bff51d52225c318c64d6da391ad114e74627b42.jar
7f92a8011000-7f92a8013000 r--s 00012000 b3:01 391581                     /media/freeman/DATACARD/IdeaProjects/PlurkFish/PlurkChatNew/build/intermediates/transforms/preJackPackagedLibraries/debug/jars/8000/1f/classes-b12617ea8c1397ab73834bc786e0fc9caadbefb4.jar
7f92a8013000-7f92a8016000 r--s 00009000 b3:01 391577                     /media/freeman/DATACARD/IdeaProjects/PlurkFish/PlurkChatNew/build/intermediates/transforms/preJackPackagedLibraries/debug/jars/8000/1f/butterknife-annotations-8.4.0-6fb4ef034bf1c0b5e81e7221df7b3c1ea92150d1.jar
7f92a8016000-7f92a801a000 r--s 0004c000 b3:01 391610                     /media/freeman/DATACARD/IdeaProjects/PlurkFish/PlurkChatNew/build/intermediates/transforms/preJackPackagedLibraries/debug/jars/8000/1f/classes-0e60f64c08b85190d3c62b387de7c573e7a395e3.jar
7f92a801a000-7f92a8020000 r--s 00038000 b3:01 391586                     /media/freeman/DATACARD/IdeaProjects/PlurkFish/PlurkChatNew/build/intermediates/transforms/preJackPackagedLibraries/debug/jars/8000/1f/scribe-1.3.5-23c22a07a533f0731713ab23f756a3fb48e612e2.jar
7f92a8020000-7f92a8022000 r--s 00002000 b3:01 391594                     /media/freeman/DATACARD/IdeaProjects/PlurkFish/PlurkChatNew/build/intermediates/transforms/preJackPackagedLibraries/debug/jars/8000/1f/converter-gson-2.1.0-bc2398cc5fbce220d21a37fddb0ab35530aafdff.jar
7f92a8022000-7f92a8038000 r--s 0014b000 b3:01 391606                     /media/freeman/DATACARD/IdeaProjects/PlurkFish/PlurkChatNew/build/intermediates/transforms/preJackPackagedLibraries/debug/jars/8000/1f/glide-3.7.0-117f7f8596b4a66be27e7c7928dcade0ea5f126e.jar
7f92a8038000-7f92a804c000 r--s 0020b000 b3:01 391602                     /media/freeman/DATACARD/IdeaProjects/PlurkFish/PlurkChatNew/build/intermediates/transforms/preJackPackagedLibraries/debug/jars/8000/1f/classes-6f957d7a43d6e6255c953edc9373de6c39725392.jar
7f92a804c000-7f92a8076000 r--s 00207000 b3:01 392248                     /media/freeman/DATACARD/IdeaProjects/PlurkFish/PlurkChatNew/build/intermediates/transforms/preJackPackagedLibraries/debug/jars/8000/1f/classes-98e6ad04a6d1e5001271b5dba7d799ea8ee21628.jar
7f92a8076000-7f92a807f000 r--s 0012c000 b3:01 391574                     /media/freeman/DATACARD/IdeaProjects/PlurkFish/PlurkChatNew/build/intermediates/transforms/preJackPackagedLibraries/debug/jars/8000/1f/classes-8dda638694f6515c9a5be7eaf56d68598b5692ce.jar
7f92a807f000-7f92a8082000 r--s 00076000 b3:01 391605                     /media/freeman/DATACARD/IdeaProjects/PlurkFish/PlurkChatNew/build/intermediates/transforms/preJackPackagedLibraries/debug/jars/8000/1f/constraint-layout-solver-1.0.0-beta4-df1d397df5fd7670c4d7dabaf3c4cf3798023dfe.jar
7f92a8082000-7f92a8086000 r--s 0000c000 b3:01 391585                     /media/freeman/DATACARD/IdeaProjects/PlurkFish/PlurkChatNew/build/intermediates/transforms/preJackPackagedLibraries/debug/jars/8000/1f/support-annotations-25.2.0-b774459d107baf6c6c51e8a1007e54355ea8c372.jar
7f92a8086000-7f92a8089000 ---p 00000000 00:00 0 
7f92a8089000-7f92a8187000 rw-p 00000000 00:00 0 
7f92a8187000-7f92a818a000 ---p 00000000 00:00 0 
7f92a818a000-7f92a8288000 rw-p 00000000 00:00 0 
7f92a8288000-7f92a828b000 ---p 00000000 00:00 0 
7f92a828b000-7f92a8389000 rw-p 00000000 00:00 0 
7f92a8389000-7f92a838c000 ---p 00000000 00:00 0 
7f92a838c000-7f92a848a000 rw-p 00000000 00:00 0 
7f92a848a000-7f92a87f8000 r--p 00000000 08:05 3803935                    /usr/lib/locale/locale-archive
7f92a87f8000-7f92a87fb000 ---p 00000000 00:00 0 
7f92a87fb000-7f92a88f9000 rw-p 00000000 00:00 0 
7f92a88f9000-7f92a88fc000 ---p 00000000 00:00 0 
7f92a88fc000-7f92a89fa000 rw-p 00000000 00:00 0 
7f92a89fa000-7f92a89fb000 ---p 00000000 00:00 0 
7f92a89fb000-7f92a9000000 rw-p 00000000 00:00 0 
7f92a9000000-7f92a9560000 rwxp 00000000 00:00 0 
7f92a9560000-7f92b8000000 ---p 00000000 00:00 0 
7f92b8000000-7f92b8ed6000 rw-p 00000000 00:00 0 
7f92b8ed6000-7f92bc000000 ---p 00000000 00:00 0 
7f92bc000000-7f92bc006000 r--s 0003f000 08:05 4598444                    /usr/lib/jvm/java-8-oracle/jre/lib/ext/sunjce_provider.jar
7f92bc006000-7f92bc008000 r--s 00009000 08:05 4598443                    /usr/lib/jvm/java-8-oracle/jre/lib/ext/sunec.jar
7f92bc008000-7f92bc00c000 r--s 0003a000 08:05 4598441                    /usr/lib/jvm/java-8-oracle/jre/lib/ext/sunpkcs11.jar
7f92bc00c000-7f92bc0d9000 r--s 00aca000 08:05 1183968                    /home/freeman/Android/Sdk/build-tools/25.0.2/jack.jar
7f92bc0d9000-7f92bcb88000 rw-p 00000000 00:00 0 
7f92bcb88000-7f92bcd61000 r--s 03d3e000 08:05 4463101                    /usr/lib/jvm/java-8-oracle/jre/lib/rt.jar
7f92bcd61000-7f92bd7d7000 rw-p 00000000 00:00 0 
7f92bd7d7000-7f92bd7d8000 ---p 00000000 00:00 0 
7f92bd7d8000-7f92bd8d8000 rw-p 00000000 00:00 0 
7f92bd8d8000-7f92bd8d9000 ---p 00000000 00:00 0 
7f92bd8d9000-7f92bd9d9000 rw-p 00000000 00:00 0 
7f92bd9d9000-7f92bd9da000 ---p 00000000 00:00 0 
7f92bd9da000-7f92bdada000 rw-p 00000000 00:00 0 
7f92bdada000-7f92bdadb000 ---p 00000000 00:00 0 
7f92bdadb000-7f92bdc05000 rw-p 00000000 00:00 0 
7f92bdc05000-7f92bdd31000 ---p 00000000 00:00 0 
7f92bdd31000-7f92bdd5b000 rw-p 00000000 00:00 0 
7f92bdd5b000-7f92bde86000 ---p 00000000 00:00 0 
7f92bde86000-7f92bdeab000 rw-p 00000000 00:00 0 
7f92bdeab000-7f92bdf31000 ---p 00000000 00:00 0 
7f92bdf31000-7f92bdf48000 rw-p 00000000 00:00 0 
7f92bdf48000-7f92be2f2000 ---p 00000000 00:00 0 
7f92be2f2000-7f92be30c000 r-xp 00000000 08:05 4995371                    /usr/lib/jvm/java-8-oracle/jre/lib/amd64/libzip.so
7f92be30c000-7f92be50c000 ---p 0001a000 08:05 4995371                    /usr/lib/jvm/java-8-oracle/jre/lib/amd64/libzip.so
7f92be50c000-7f92be50d000 rw-p 0001a000 08:05 4995371                    /usr/lib/jvm/java-8-oracle/jre/lib/amd64/libzip.so
7f92be50d000-7f92be518000 r-xp 00000000 08:05 1585963                    /lib/x86_64-linux-gnu/libnss_files-2.23.so
7f92be518000-7f92be717000 ---p 0000b000 08:05 1585963                    /lib/x86_64-linux-gnu/libnss_files-2.23.so
7f92be717000-7f92be718000 r--p 0000a000 08:05 1585963                    /lib/x86_64-linux-gnu/libnss_files-2.23.so
7f92be718000-7f92be719000 rw-p 0000b000 08:05 1585963                    /lib/x86_64-linux-gnu/libnss_files-2.23.so
7f92be719000-7f92be71f000 rw-p 00000000 00:00 0 
7f92be71f000-7f92be72a000 r-xp 00000000 08:05 1585929                    /lib/x86_64-linux-gnu/libnss_nis-2.23.so
7f92be72a000-7f92be929000 ---p 0000b000 08:05 1585929                    /lib/x86_64-linux-gnu/libnss_nis-2.23.so
7f92be929000-7f92be92a000 r--p 0000a000 08:05 1585929                    /lib/x86_64-linux-gnu/libnss_nis-2.23.so
7f92be92a000-7f92be92b000 rw-p 0000b000 08:05 1585929                    /lib/x86_64-linux-gnu/libnss_nis-2.23.so
7f92be92b000-7f92be941000 r-xp 00000000 08:05 1585955                    /lib/x86_64-linux-gnu/libnsl-2.23.so
7f92be941000-7f92beb40000 ---p 00016000 08:05 1585955                    /lib/x86_64-linux-gnu/libnsl-2.23.so
7f92beb40000-7f92beb41000 r--p 00015000 08:05 1585955                    /lib/x86_64-linux-gnu/libnsl-2.23.so
7f92beb41000-7f92beb42000 rw-p 00016000 08:05 1585955                    /lib/x86_64-linux-gnu/libnsl-2.23.so
7f92beb42000-7f92beb44000 rw-p 00000000 00:00 0 
7f92beb44000-7f92beb4c000 r-xp 00000000 08:05 1585957                    /lib/x86_64-linux-gnu/libnss_compat-2.23.so
7f92beb4c000-7f92bed4b000 ---p 00008000 08:05 1585957                    /lib/x86_64-linux-gnu/libnss_compat-2.23.so
7f92bed4b000-7f92bed4c000 r--p 00007000 08:05 1585957                    /lib/x86_64-linux-gnu/libnss_compat-2.23.so
7f92bed4c000-7f92bed4d000 rw-p 00008000 08:05 1585957                    /lib/x86_64-linux-gnu/libnss_compat-2.23.so
7f92bed4d000-7f92bed78000 r-xp 00000000 08:05 4995398                    /usr/lib/jvm/java-8-oracle/jre/lib/amd64/libjava.so
7f92bed78000-7f92bef77000 ---p 0002b000 08:05 4995398                    /usr/lib/jvm/java-8-oracle/jre/lib/amd64/libjava.so
7f92bef77000-7f92bef79000 rw-p 0002a000 08:05 4995398                    /usr/lib/jvm/java-8-oracle/jre/lib/amd64/libjava.so
7f92bef79000-7f92bef86000 r-xp 00000000 08:05 4995349                    /usr/lib/jvm/java-8-oracle/jre/lib/amd64/libverify.so
7f92bef86000-7f92bf185000 ---p 0000d000 08:05 4995349                    /usr/lib/jvm/java-8-oracle/jre/lib/amd64/libverify.so
7f92bf185000-7f92bf187000 rw-p 0000c000 08:05 4995349                    /usr/lib/jvm/java-8-oracle/jre/lib/amd64/libverify.so
7f92bf187000-7f92bf18e000 r-xp 00000000 08:05 1585928                    /lib/x86_64-linux-gnu/librt-2.23.so
7f92bf18e000-7f92bf38d000 ---p 00007000 08:05 1585928                    /lib/x86_64-linux-gnu/librt-2.23.so
7f92bf38d000-7f92bf38e000 r--p 00006000 08:05 1585928                    /lib/x86_64-linux-gnu/librt-2.23.so
7f92bf38e000-7f92bf38f000 rw-p 00007000 08:05 1585928                    /lib/x86_64-linux-gnu/librt-2.23.so
7f92bf38f000-7f92bf497000 r-xp 00000000 08:05 1585951                    /lib/x86_64-linux-gnu/libm-2.23.so
7f92bf497000-7f92bf696000 ---p 00108000 08:05 1585951                    /lib/x86_64-linux-gnu/libm-2.23.so
7f92bf696000-7f92bf697000 r--p 00107000 08:05 1585951                    /lib/x86_64-linux-gnu/libm-2.23.so
7f92bf697000-7f92bf698000 rw-p 00108000 08:05 1585951                    /lib/x86_64-linux-gnu/libm-2.23.so
7f92bf698000-7f92c0366000 r-xp 00000000 08:05 4995402                    /usr/lib/jvm/java-8-oracle/jre/lib/amd64/server/libjvm.so
7f92c0366000-7f92c0566000 ---p 00cce000 08:05 4995402                    /usr/lib/jvm/java-8-oracle/jre/lib/amd64/server/libjvm.so
7f92c0566000-7f92c063f000 rw-p 00cce000 08:05 4995402                    /usr/lib/jvm/java-8-oracle/jre/lib/amd64/server/libjvm.so
7f92c063f000-7f92c068a000 rw-p 00000000 00:00 0 
7f92c068a000-7f92c0849000 r-xp 00000000 08:05 1585941                    /lib/x86_64-linux-gnu/libc-2.23.so
7f92c0849000-7f92c0a49000 ---p 001bf000 08:05 1585941                    /lib/x86_64-linux-gnu/libc-2.23.so
7f92c0a49000-7f92c0a4d000 r--p 001bf000 08:05 1585941                    /lib/x86_64-linux-gnu/libc-2.23.so
7f92c0a4d000-7f92c0a4f000 rw-p 001c3000 08:05 1585941                    /lib/x86_64-linux-gnu/libc-2.23.so
7f92c0a4f000-7f92c0a53000 rw-p 00000000 00:00 0 
7f92c0a53000-7f92c0a56000 r-xp 00000000 08:05 1585936                    /lib/x86_64-linux-gnu/libdl-2.23.so
7f92c0a56000-7f92c0c55000 ---p 00003000 08:05 1585936                    /lib/x86_64-linux-gnu/libdl-2.23.so
7f92c0c55000-7f92c0c56000 r--p 00002000 08:05 1585936                    /lib/x86_64-linux-gnu/libdl-2.23.so
7f92c0c56000-7f92c0c57000 rw-p 00003000 08:05 1585936                    /lib/x86_64-linux-gnu/libdl-2.23.so
7f92c0c57000-7f92c0c6c000 r-xp 00000000 08:05 4073854                    /usr/lib/jvm/java-8-oracle/lib/amd64/jli/libjli.so
7f92c0c6c000-7f92c0e6c000 ---p 00015000 08:05 4073854                    /usr/lib/jvm/java-8-oracle/lib/amd64/jli/libjli.so
7f92c0e6c000-7f92c0e6d000 rw-p 00015000 08:05 4073854                    /usr/lib/jvm/java-8-oracle/lib/amd64/jli/libjli.so
7f92c0e6d000-7f92c0e85000 r-xp 00000000 08:05 1585953                    /lib/x86_64-linux-gnu/libpthread-2.23.so
7f92c0e85000-7f92c1084000 ---p 00018000 08:05 1585953                    /lib/x86_64-linux-gnu/libpthread-2.23.so
7f92c1084000-7f92c1085000 r--p 00017000 08:05 1585953                    /lib/x86_64-linux-gnu/libpthread-2.23.so
7f92c1085000-7f92c1086000 rw-p 00018000 08:05 1585953                    /lib/x86_64-linux-gnu/libpthread-2.23.so
7f92c1086000-7f92c108a000 rw-p 00000000 00:00 0 
7f92c108a000-7f92c10b0000 r-xp 00000000 08:05 1576939                    /lib/x86_64-linux-gnu/ld-2.23.so
7f92c10b0000-7f92c10b1000 r--s 0000a000 b3:01 392247                     /media/freeman/DATACARD/IdeaProjects/PlurkFish/PlurkChatNew/build/intermediates/transforms/preJackPackagedLibraries/debug/jars/8000/1f/classes-39e35b522917f89cb977a994d205a42a6f5c47b8.jar
7f92c10b1000-7f92c10b4000 r--s 0001a000 08:05 4463129                    /usr/lib/jvm/java-8-oracle/jre/lib/jce.jar
7f92c10b4000-7f92c10b8000 r--s 0009a000 08:05 4463095                    /usr/lib/jvm/java-8-oracle/jre/lib/jsse.jar
7f92c10b8000-7f92c118a000 rw-p 00000000 00:00 0 
7f92c118a000-7f92c118d000 ---p 00000000 00:00 0 
7f92c118d000-7f92c12a3000 rw-p 00000000 00:00 0 
7f92c12a3000-7f92c12ab000 rw-s 00000000 08:05 4855466                    /tmp/hsperfdata_freeman/20993
7f92c12ab000-7f92c12ac000 rw-p 00000000 00:00 0 
7f92c12ac000-7f92c12ad000 ---p 00000000 00:00 0 
7f92c12ad000-7f92c12af000 rw-p 00000000 00:00 0 
7f92c12af000-7f92c12b0000 r--p 00025000 08:05 1576939                    /lib/x86_64-linux-gnu/ld-2.23.so
7f92c12b0000-7f92c12b1000 rw-p 00026000 08:05 1576939                    /lib/x86_64-linux-gnu/ld-2.23.so
7f92c12b1000-7f92c12b2000 rw-p 00000000 00:00 0 
7ffe1615b000-7ffe1617f000 rw-p 00000000 00:00 0                          [stack]
7ffe161ce000-7ffe161d0000 r--p 00000000 00:00 0                          [vvar]
7ffe161d0000-7ffe161d2000 r-xp 00000000 00:00 0                          [vdso]
ffffffffff600000-ffffffffff601000 r-xp 00000000 00:00 0                  [vsyscall]

VM Arguments:
jvm_args: -Djava.awt.headless=true -Xmx1024M -Dfile.encoding=UTF-8 -Duser.country=US -Duser.language=en -Duser.variant 
java_command: com.android.jack.Main -D jack.dex.optimize=true -D jack.reporter=sdk -D jack.dex.debug.vars=true --classpath /media/freeman/DATACARD/IdeaProjects/PlurkFish/PlurkChatNew/build/intermediates/transforms/preJackRuntimeLibraries/debug/jars/8000/40/org.apache.http.legacy-07b0efda73599e7067441cc44f76b28e2dbff044.jar:/media/freeman/DATACARD/IdeaProjects/PlurkFish/PlurkChatNew/build/intermediates/transforms/preJackRuntimeLibraries/debug/jars/8000/40/android-5424e5bd760a977aa071e112d3fe556193bab681.jar --import /media/freeman/DATACARD/IdeaProjects/PlurkFish/PlurkChatNew/build/intermediates/transforms/preJackPackagedLibraries/debug/jars/8000/1f/support-annotations-25.2.0-b774459d107baf6c6c51e8a1007e54355ea8c372.jar --import /media/freeman/DATACARD/IdeaProjects/PlurkFish/PlurkChatNew/build/intermediates/transforms/preJackPackagedLibraries/debug/jars/8000/1f/constraint-layout-solver-1.0.0-beta4-df1d397df5fd7670c4d7dabaf3c4cf3798023dfe.jar --import /media/freeman/DATACARD/IdeaProjects/PlurkFish/PlurkChatNew/build/intermediates/transforms/preJackPackagedLibraries/debug/jars/8000/1f/classes-8dda638694f6515c9a5be7eaf56d68598b5692ce.jar --import /media/freeman/DATACARD/IdeaProjects/PlurkFish/PlurkChatNew/build/intermediates/transforms/preJackPackagedLibraries/debug/jars/8000/1f/classes-98e6ad04a6d1e5001271b5dba7d799ea8ee21628.jar --import /media/freeman/DATACARD/IdeaProjects/PlurkFish/PlurkChatNew/build/intermediates/transforms/preJackPackagedLibraries/debug/jars/8000/1f/classes-6f957d7a43d6e6255c953edc9373de6c39725392.jar --import /media/freeman/DATACARD/IdeaProjects/PlurkFish/PlurkChatNew/build/intermediates/transforms/preJackPackagedLibraries/debug/jars/8000/1f/glide-3.7.0-117f7f8596b4a66be27e7c7928dcade0ea5f126e.jar --import /media/freeman/DATACARD/IdeaProjects/PlurkFish/PlurkChatNew/build/intermediates/transforms/preJackPackagedLibraries/debug/jars/8000/1f/converter-gson-2.1.0-bc2398cc5fbce220d21a37fddb0ab35530aafdff.jar --import /media/freeman/DATACARD/IdeaProje
java_class_path (initial): /home/freeman/Android/Sdk/build-tools/25.0.2/jack.jar
Launcher Type: SUN_STANDARD

Environment Variables:
JAVA_HOME=/usr/lib/jvm/java-8-oracle
PATH=/opt/OpenPrinting-Gutenprint/sbin:/opt/OpenPrinting-Gutenprint/bin:/usr/local/sbin:/usr/local/bin:/usr/sbin:/usr/bin:/sbin:/bin:/usr/games:/usr/local/games:/snap/bin:/usr/lib/jvm/java-8-oracle/bin:/usr/lib/jvm/java-8-oracle/db/bin:/usr/lib/jvm/java-8-oracle/jre/bin
LD_LIBRARY_PATH=/home/freeman/android-studio-dev/bin:
SHELL=/bin/bash
DISPLAY=:0.0

Signal Handlers:
SIGSEGV: [libjvm.so+0xac78c0], sa_mask[0]=11111111011111111101111111111110, sa_flags=SA_RESTART|SA_SIGINFO
SIGBUS: [libjvm.so+0xac78c0], sa_mask[0]=11111111011111111101111111111110, sa_flags=SA_RESTART|SA_SIGINFO
SIGFPE: [libjvm.so+0x920ac0], sa_mask[0]=11111111011111111101111111111110, sa_flags=SA_RESTART|SA_SIGINFO
SIGPIPE: [libjvm.so+0x920ac0], sa_mask[0]=11111111011111111101111111111110, sa_flags=SA_RESTART|SA_SIGINFO
SIGXFSZ: [libjvm.so+0x920ac0], sa_mask[0]=11111111011111111101111111111110, sa_flags=SA_RESTART|SA_SIGINFO
SIGILL: [libjvm.so+0x920ac0], sa_mask[0]=11111111011111111101111111111110, sa_flags=SA_RESTART|SA_SIGINFO
SIGUSR1: SIG_DFL, sa_mask[0]=00000000000000000000000000000000, sa_flags=none
SIGUSR2: [libjvm.so+0x922300], sa_mask[0]=00100000000000000000000000000000, sa_flags=SA_RESTART|SA_SIGINFO
SIGHUP: [libjvm.so+0x923700], sa_mask[0]=11111111011111111101111111111110, sa_flags=SA_RESTART|SA_SIGINFO
SIGINT: [libjvm.so+0x923700], sa_mask[0]=11111111011111111101111111111110, sa_flags=SA_RESTART|SA_SIGINFO
SIGTERM: [libjvm.so+0x923700], sa_mask[0]=11111111011111111101111111111110, sa_flags=SA_RESTART|SA_SIGINFO
SIGQUIT: [libjvm.so+0x923700], sa_mask[0]=11111111011111111101111111111110, sa_flags=SA_RESTART|SA_SIGINFO


---------------  S Y S T E M  ---------------

OS:DISTRIB_ID=Ubuntu
DISTRIB_RELEASE=16.04
DISTRIB_CODENAME=xenial
DISTRIB_DESCRIPTION="Ubuntu 16.04.2 LTS"

uname:Linux 4.4.0-66-generic #87-Ubuntu SMP Fri Mar 3 15:29:05 UTC 2017 x86_64
libc:glibc 2.23 NPTL 2.23 
rlimit: STACK 8192k, CORE 0k, NPROC 31476, NOFILE 65536, AS infinity
load average:70.60 61.54 35.06

/proc/meminfo:
MemTotal:        8098516 kB
MemFree:          115400 kB
MemAvailable:       8376 kB
Buffers:             280 kB
Cached:           566684 kB
SwapCached:            0 kB
Active:          7307396 kB
Inactive:         449796 kB
Active(anon):    7304136 kB
Inactive(anon):   446072 kB
Active(file):       3260 kB
Inactive(file):     3724 kB
Unevictable:         536 kB
Mlocked:             536 kB
SwapTotal:             0 kB
SwapFree:              0 kB
Dirty:                44 kB
Writeback:             0 kB
AnonPages:       7191904 kB
Mapped:           355248 kB
Shmem:            558840 kB
Slab:              94964 kB
SReclaimable:      48844 kB
SUnreclaim:        46120 kB
KernelStack:       12912 kB
PageTables:        60252 kB
NFS_Unstable:          0 kB
Bounce:                0 kB
WritebackTmp:          0 kB
CommitLimit:     4049256 kB
Committed_AS:   13188196 kB
VmallocTotal:   34359738367 kB
VmallocUsed:           0 kB
VmallocChunk:          0 kB
HardwareCorrupted:     0 kB
AnonHugePages:   2609152 kB
CmaTotal:              0 kB
CmaFree:               0 kB
HugePages_Total:       0
HugePages_Free:        0
HugePages_Rsvd:        0
HugePages_Surp:        0
Hugepagesize:       2048 kB
DirectMap4k:      177892 kB
DirectMap2M:     8134656 kB
DirectMap1G:     1048576 kB


CPU:total 4 (2 cores per cpu, 2 threads per core) family 6 model 69 stepping 1, cmov, cx8, fxsr, mmx, sse, sse2, sse3, ssse3, sse4.1, sse4.2, popcnt, avx, avx2, aes, clmul, erms, lzcnt, ht, tsc, tscinvbit, bmi1, bmi2

/proc/cpuinfo:
processor	: 0
vendor_id	: GenuineIntel
cpu family	: 6
model		: 69
model name	: Intel(R) Core(TM) i5-4200U CPU @ 1.60GHz
stepping	: 1
microcode	: 0x1d
cpu MHz		: 2274.125
cache size	: 3072 KB
physical id	: 0
siblings	: 4
core id		: 0
cpu cores	: 2
apicid		: 0
initial apicid	: 0
fpu		: yes
fpu_exception	: yes
cpuid level	: 13
wp		: yes
flags		: fpu vme de pse tsc msr pae mce cx8 apic sep mtrr pge mca cmov pat pse36 clflush dts acpi mmx fxsr sse sse2 ss ht tm pbe syscall nx pdpe1gb rdtscp lm constant_tsc arch_perfmon pebs bts rep_good nopl xtopology nonstop_tsc aperfmperf eagerfpu pni pclmulqdq dtes64 monitor ds_cpl vmx est tm2 ssse3 sdbg fma cx16 xtpr pdcm pcid sse4_1 sse4_2 movbe popcnt tsc_deadline_timer aes xsave avx f16c rdrand lahf_lm abm epb tpr_shadow vnmi flexpriority ept vpid fsgsbase tsc_adjust bmi1 avx2 smep bmi2 erms invpcid xsaveopt dtherm ida arat pln pts
bugs		:
bogomips	: 4589.39
clflush size	: 64
cache_alignment	: 64
address sizes	: 39 bits physical, 48 bits virtual
power management:

processor	: 1
vendor_id	: GenuineIntel
cpu family	: 6
model		: 69
model name	: Intel(R) Core(TM) i5-4200U CPU @ 1.60GHz
stepping	: 1
microcode	: 0x1d
cpu MHz		: 2300.000
cache size	: 3072 KB
physical id	: 0
siblings	: 4
core id		: 0
cpu cores	: 2
apicid		: 1
initial apicid	: 1
fpu		: yes
fpu_exception	: yes
cpuid level	: 13
wp		: yes
flags		: fpu vme de pse tsc msr pae mce cx8 apic sep mtrr pge mca cmov pat pse36 clflush dts acpi mmx fxsr sse sse2 ss ht tm pbe syscall nx pdpe1gb rdtscp lm constant_tsc arch_perfmon pebs bts rep_good nopl xtopology nonstop_tsc aperfmperf eagerfpu pni pclmulqdq dtes64 monitor ds_cpl vmx est tm2 ssse3 sdbg fma cx16 xtpr pdcm pcid sse4_1 sse4_2 movbe popcnt tsc_deadline_timer aes xsave avx f16c rdrand lahf_lm abm epb tpr_shadow vnmi flexpriority ept vpid fsgsbase tsc_adjust bmi1 avx2 smep bmi2 erms invpcid xsaveopt dtherm ida arat pln pts
bugs		:
bogomips	: 4589.39
clflush size	: 64
cache_alignment	: 64
address sizes	: 39 bits physical, 48 bits virtual
power management:

processor	: 2
vendor_id	: GenuineIntel
cpu family	: 6
model		: 69
model name	: Intel(R) Core(TM) i5-4200U CPU @ 1.60GHz
stepping	: 1
microcode	: 0x1d
cpu MHz		: 2264.242
cache size	: 3072 KB
physical id	: 0
siblings	: 4
core id		: 1
cpu cores	: 2
apicid		: 2
initial apicid	: 2
fpu		: yes
fpu_exception	: yes
cpuid level	: 13
wp		: yes
flags		: fpu vme de pse tsc msr pae mce cx8 apic sep mtrr pge mca cmov pat pse36 clflush dts acpi mmx fxsr sse sse2 ss ht tm pbe syscall nx pdpe1gb rdtscp lm constant_tsc arch_perfmon pebs bts rep_good nopl xtopology nonstop_tsc aperfmperf eagerfpu pni pclmulqdq dtes64 monitor ds_cpl vmx est tm2 ssse3 sdbg fma cx16 xtpr pdcm pcid sse4_1 sse4_2 movbe popcnt tsc_deadline_timer aes xsave avx f16c rdrand lahf_lm abm epb tpr_shadow vnmi flexpriority ept vpid fsgsbase tsc_adjust bmi1 avx2 smep bmi2 erms invpcid xsaveopt dtherm ida arat pln pts
bugs		:
bogomips	: 4589.39
clflush size	: 64
cache_alignment	: 64
address sizes	: 39 bits physical, 48 bits virtual
power management:

processor	: 3
vendor_id	: GenuineIntel
cpu family	: 6
model		: 69
model name	: Intel(R) Core(TM) i5-4200U CPU @ 1.60GHz
stepping	: 1
microcode	: 0x1d
cpu MHz		: 2300.000
cache size	: 3072 KB
physical id	: 0
siblings	: 4
core id		: 1
cpu cores	: 2
apicid		: 3
initial apicid	: 3
fpu		: yes
fpu_exception	: yes
cpuid level	: 13
wp		: yes
flags		: fpu vme de pse tsc msr pae mce cx8 apic sep mtrr pge mca cmov pat pse36 clflush dts acpi mmx fxsr sse sse2 ss ht tm pbe syscall nx pdpe1gb rdtscp lm constant_tsc arch_perfmon pebs bts rep_good nopl xtopology nonstop_tsc aperfmperf eagerfpu pni pclmulqdq dtes64 monitor ds_cpl vmx est tm2 ssse3 sdbg fma cx16 xtpr pdcm pcid sse4_1 sse4_2 movbe popcnt tsc_deadline_timer aes xsave avx f16c rdrand lahf_lm abm epb tpr_shadow vnmi flexpriority ept vpid fsgsbase tsc_adjust bmi1 avx2 smep bmi2 erms invpcid xsaveopt dtherm ida arat pln pts
bugs		:
bogomips	: 4589.39
clflush size	: 64
cache_alignment	: 64
address sizes	: 39 bits physical, 48 bits virtual
power management:



Memory: 4k page, physical 8098516k(114096k free), swap 0k(0k free)

vm_info: Java HotSpot(TM) 64-Bit Server VM (25.121-b13) for linux-amd64 JRE (1.8.0_121-b13), built on Dec 12 2016 16:36:53 by "java_re" with gcc 4.3.0 20080428 (Red Hat 4.3.0-8)

time: Sun Mar 12 01:16:55 2017
elapsed time: 709 seconds (0d 0h 11m 49s)

